<?xml version="1.0" encoding="UTF-8"?>
<Site BuildName="Linux-g++"
	BuildStamp="20240305-1549-Experimental"
	Name="farid-XPS-9320"
	Generator="ctest-3.28.3"
	CompilerName="/usr/bin/g++"
	CompilerVersion="11.4.0"
	OSName="Linux"
	Hostname="farid-XPS-9320"
	OSRelease="6.5.0-21-generic"
	OSVersion="#21~22.04.1-Ubuntu SMP PREEMPT_DYNAMIC Fri Feb  9 13:32:52 UTC 2"
	OSPlatform="x86_64"
	Is64Bits="1"
	VendorString="GenuineIntel"
	VendorID="Intel Corporation"
	FamilyID="6"
	ModelID="154"
	ProcessorCacheSize="18432"
	NumberOfLogicalCPU="16"
	NumberOfPhysicalCPU="12"
	TotalVirtualMemory="2047"
	TotalPhysicalMemory="15589"
	LogicalProcessorsPerPhysical="1"
	ProcessorClockFrequency="468.697"
	>
	<Testing>
		<StartDateTime>Mar 05 16:39 GMT</StartDateTime>
		<StartTestTime>1709656797</StartTestTime>
		<TestList/>
		<EndDateTime>Mar 05 16:39 GMT</EndDateTime>
		<EndTestTime>1709656797</EndTestTime>
		<ElapsedMinutes>0</ElapsedMinutes>
	</Testing>
</Site>
